#
# A fatal error has been detected by the Java Runtime Environment:
#
#  EXCEPTION_ACCESS_VIOLATION (0xc0000005) at pc=0x0000000052394220, pid=10148, tid=0x0000000000002c7c
#
# JRE version: Java(TM) SE Runtime Environment (8.0_371) (build 1.8.0_371-b11)
# Java VM: Java HotSpot(TM) 64-Bit Server VM (25.371-b11 mixed mode windows-amd64 compressed oops)
# Problematic frame:
# V  [jvm.dll+0x4f4220]
#
# Failed to write core dump. Minidumps are not enabled by default on client versions of Windows
#
# If you would like to submit a bug report, please visit:
#   http://bugreport.java.com/bugreport/crash.jsp
#

---------------  T H R E A D  ---------------

Current thread (0x000002462f562800):  JavaThread "C2 CompilerThread1" daemon [_thread_in_native, id=11388, stack(0x000000fb93a00000,0x000000fb93b00000)]

siginfo: ExceptionCode=0xc0000005, reading address 0x0000024634aeeff8

Registers:
RAX=0x0000000000000009, RBX=0x000002463292f180, RCX=0x0000024636665450, RDX=0x0000024634aef000
RSP=0x000000fb93afaa30, RBP=0x0000000000000000, RSI=0x000002463292f180, RDI=0x0000000000000000
R8 =0x000002463292f1d0, R9 =0x0000000000000018, R10=0x0000000000000001, R11=0x0000024634b08590
R12=0x0000000000000000, R13=0x000000fb93afd540, R14=0x000000fb93afb160, R15=0x0000000000000003
RIP=0x0000000052394220, EFLAGS=0x0000000000010283

Top of Stack: (sp=0x000000fb93afaa30)
0x000000fb93afaa30:   0000024636665450 0000000000000000
0x000000fb93afaa40:   0000000000000001 00000000523766b4
0x000000fb93afaa50:   0000000000000003 000000fb93afb160
0x000000fb93afaa60:   0000024634b9e800 000000fb93afab80
0x000000fb93afaa70:   000000000000000a 00000000523b35d4
0x000000fb93afaa80:   000000fb93afab80 0000024630a42220
0x000000fb93afaa90:   0000024633b6c448 0000000000000000
0x000000fb93afaaa0:   000000fb0000290b 00000246000027c0
0x000000fb93afaab0:   0000024634af8c00 000000fb93afac00
0x000000fb93afaac0:   000000fb93afacf0 0000024600000006
0x000000fb93afaad0:   0000000000000003 0000024633b6c448
0x000000fb93afaae0:   0000024600000001 0000024633b6c460
0x000000fb93afaaf0:   0000000100000017 000026d500000019
0x000000fb93afab00:   0000000000000004 0000024634b9e800
0x000000fb93afab10:   0000024634b9e8c0 0000024633b6c460
0x000000fb93afab20:   000002f300000000 000002463292f180 

Instructions: (pc=0x0000000052394220)
0x0000000052394200:   10 8d 45 01 49 3b cc 0f 45 c5 8b e8 4d 85 db 74
0x0000000052394210:   25 8b 41 20 49 8d 14 c3 0f 1f 84 00 00 00 00 00
0x0000000052394220:   48 39 5a f8 48 8d 52 f8 75 f6 ff c8 89 41 20 49
0x0000000052394230:   8b 0c c3 48 89 0a 4b 89 3c 08 49 83 c1 08 49 83 


Register to memory mapping:

RAX=0x0000000000000009 is an unknown value
RBX=0x000002463292f180 is an unknown value
RCX=0x0000024636665450 is an unknown value
RDX=0x0000024634aef000 is an unknown value
RSP=0x000000fb93afaa30 is pointing into the stack for thread: 0x000002462f562800
RBP=0x0000000000000000 is an unknown value
RSI=0x000002463292f180 is an unknown value
RDI=0x0000000000000000 is an unknown value
R8 =0x000002463292f1d0 is an unknown value
R9 =0x0000000000000018 is an unknown value
R10=0x0000000000000001 is an unknown value
R11=0x0000024634b08590 is an unknown value
R12=0x0000000000000000 is an unknown value
R13=0x000000fb93afd540 is pointing into the stack for thread: 0x000002462f562800
R14=0x000000fb93afb160 is pointing into the stack for thread: 0x000002462f562800
R15=0x0000000000000003 is an unknown value


Stack: [0x000000fb93a00000,0x000000fb93b00000],  sp=0x000000fb93afaa30,  free space=1002k
Native frames: (J=compiled Java code, j=interpreted, Vv=VM code, C=native code)


Current CompileTask:
C2:  13997 6101   !   4       io.spring.gradle.dependencymanagement.org.codehaus.plexus.interpolation.StringSearchInterpolator::interpolate (665 bytes)


---------------  P R O C E S S  ---------------

Java Threads: ( => current thread )
  0x0000024633db8800 JavaThread "Unconstrained build operations Thread 40" [_thread_blocked, id=5456, stack(0x000000fb98600000,0x000000fb98700000)]
  0x0000024633dbe000 JavaThread "Unconstrained build operations Thread 39" [_thread_blocked, id=10660, stack(0x000000fb98500000,0x000000fb98600000)]
  0x0000024633db2800 JavaThread "Unconstrained build operations Thread 38" [_thread_blocked, id=10656, stack(0x000000fb98400000,0x000000fb98500000)]
  0x0000024633db1000 JavaThread "Unconstrained build operations Thread 37" [_thread_blocked, id=1744, stack(0x000000fb98300000,0x000000fb98400000)]
  0x0000024633db7800 JavaThread "Unconstrained build operations Thread 36" [_thread_blocked, id=13224, stack(0x000000fb98200000,0x000000fb98300000)]
  0x0000024633db0000 JavaThread "Unconstrained build operations Thread 35" [_thread_blocked, id=5388, stack(0x000000fb98100000,0x000000fb98200000)]
  0x0000024633db5800 JavaThread "Unconstrained build operations Thread 34" [_thread_blocked, id=5264, stack(0x000000fb98000000,0x000000fb98100000)]
  0x0000024633db4800 JavaThread "Unconstrained build operations Thread 33" [_thread_blocked, id=13236, stack(0x000000fb97f00000,0x000000fb98000000)]
  0x0000024633db3000 JavaThread "Unconstrained build operations Thread 32" [_thread_blocked, id=5548, stack(0x000000fb97e00000,0x000000fb97f00000)]
  0x0000024633db1800 JavaThread "Unconstrained build operations Thread 31" [_thread_blocked, id=12276, stack(0x000000fb97d00000,0x000000fb97e00000)]
  0x0000024633db4000 JavaThread "Unconstrained build operations Thread 30" [_thread_blocked, id=5008, stack(0x000000fb97c00000,0x000000fb97d00000)]
  0x0000024633db7000 JavaThread "Unconstrained build operations Thread 29" [_thread_blocked, id=4680, stack(0x000000fb97b00000,0x000000fb97c00000)]
  0x0000024633db6000 JavaThread "Unconstrained build operations Thread 28" [_thread_blocked, id=10404, stack(0x000000fb97a00000,0x000000fb97b00000)]
  0x00000246356a0000 JavaThread "Unconstrained build operations Thread 27" [_thread_blocked, id=9092, stack(0x000000fb97900000,0x000000fb97a00000)]
  0x000002463569f800 JavaThread "Unconstrained build operations Thread 26" [_thread_blocked, id=3624, stack(0x000000fb97800000,0x000000fb97900000)]
  0x000002463569e800 JavaThread "Unconstrained build operations Thread 25" [_thread_blocked, id=4376, stack(0x000000fb97700000,0x000000fb97800000)]
  0x00000246356a1800 JavaThread "Unconstrained build operations Thread 24" [_thread_blocked, id=4328, stack(0x000000fb97600000,0x000000fb97700000)]
  0x00000246356a1000 JavaThread "Unconstrained build operations Thread 23" [_thread_blocked, id=4384, stack(0x000000fb97500000,0x000000fb97600000)]
  0x00000246356a3000 JavaThread "Unconstrained build operations Thread 22" [_thread_blocked, id=2880, stack(0x000000fb97400000,0x000000fb97500000)]
  0x00000246356a2800 JavaThread "Unconstrained build operations Thread 21" [_thread_blocked, id=10400, stack(0x000000fb97300000,0x000000fb97400000)]
  0x000002463569e000 JavaThread "Unconstrained build operations Thread 20" [_thread_blocked, id=2656, stack(0x000000fb97200000,0x000000fb97300000)]
  0x000002463569d000 JavaThread "Unconstrained build operations Thread 19" [_thread_blocked, id=13188, stack(0x000000fb97100000,0x000000fb97200000)]
  0x0000024635695800 JavaThread "Unconstrained build operations Thread 18" [_thread_blocked, id=3556, stack(0x000000fb97000000,0x000000fb97100000)]
  0x000002463569c800 JavaThread "Unconstrained build operations Thread 17" [_thread_blocked, id=3512, stack(0x000000fb96f00000,0x000000fb97000000)]
  0x0000024635695000 JavaThread "Unconstrained build operations Thread 16" [_thread_blocked, id=3596, stack(0x000000fb96e00000,0x000000fb96f00000)]
  0x000002463569b800 JavaThread "Unconstrained build operations Thread 15" [_thread_blocked, id=11568, stack(0x000000fb96d00000,0x000000fb96e00000)]
  0x0000024635694000 JavaThread "Unconstrained build operations Thread 14" [_thread_blocked, id=2320, stack(0x000000fb96c00000,0x000000fb96d00000)]
  0x0000024635697000 JavaThread "Unconstrained build operations Thread 13" [_thread_blocked, id=2284, stack(0x000000fb96b00000,0x000000fb96c00000)]
  0x000002463569b000 JavaThread "Unconstrained build operations Thread 12" [_thread_blocked, id=2236, stack(0x000000fb96a00000,0x000000fb96b00000)]
  0x0000024635699800 JavaThread "Unconstrained build operations Thread 11" [_thread_blocked, id=2132, stack(0x000000fb96900000,0x000000fb96a00000)]
  0x000002463569a000 JavaThread "Unconstrained build operations Thread 10" [_thread_blocked, id=2308, stack(0x000000fb96800000,0x000000fb96900000)]
  0x0000024635698000 JavaThread "Unconstrained build operations Thread 9" [_thread_blocked, id=12216, stack(0x000000fb96700000,0x000000fb96800000)]
  0x0000024635696800 JavaThread "Unconstrained build operations Thread 8" [_thread_blocked, id=11192, stack(0x000000fb96600000,0x000000fb96700000)]
  0x0000024635698800 JavaThread "Unconstrained build operations Thread 7" [_thread_blocked, id=1952, stack(0x000000fb96500000,0x000000fb96600000)]
  0x00000246327fd800 JavaThread "Unconstrained build operations Thread 6" [_thread_blocked, id=1872, stack(0x000000fb96400000,0x000000fb96500000)]
  0x00000246327fc800 JavaThread "Unconstrained build operations Thread 5" [_thread_blocked, id=11428, stack(0x000000fb96300000,0x000000fb96400000)]
  0x00000246327f5000 JavaThread "Unconstrained build operations Thread 4" [_thread_blocked, id=11444, stack(0x000000fb96200000,0x000000fb96300000)]
  0x00000246327f7800 JavaThread "Cache worker for execution history cache (C:\Users\Admin\Desktop\project\A0922I1-Repo-BE\A0922I1-Project-MobilePhone\.gradle\8.2.1\executionHistory)" [_thread_blocked, id=11452, stack(0x000000fb96100000,0x000000fb96200000)]
  0x00000246327f4800 JavaThread "Execution worker Thread 3" [_thread_in_Java, id=11456, stack(0x000000fb96000000,0x000000fb96100000)]
  0x00000246327fa800 JavaThread "Execution worker Thread 2" [_thread_blocked, id=11464, stack(0x000000fb95f00000,0x000000fb96000000)]
  0x00000246327f9000 JavaThread "Execution worker" [_thread_blocked, id=660, stack(0x000000fb95e00000,0x000000fb95f00000)]
  0x00000246327f9800 JavaThread "included builds" [_thread_blocked, id=1060, stack(0x000000fb95d00000,0x000000fb95e00000)]
  0x00000246327f6800 JavaThread "Memory manager" [_thread_blocked, id=11564, stack(0x000000fb95c00000,0x000000fb95d00000)]
  0x00000246327f8000 JavaThread "Unconstrained build operations Thread 3" [_thread_blocked, id=1204, stack(0x000000fb95b00000,0x000000fb95c00000)]
  0x00000246327fb000 JavaThread "Unconstrained build operations Thread 2" [_thread_blocked, id=12472, stack(0x000000fb95a00000,0x000000fb95b00000)]
  0x00000246327f0000 JavaThread "Unconstrained build operations" [_thread_blocked, id=8576, stack(0x000000fb95900000,0x000000fb95a00000)]
  0x00000246327f1800 JavaThread "Cache worker for Build Output Cleanup Cache (C:\Users\Admin\Desktop\project\A0922I1-Repo-BE\A0922I1-Project-MobilePhone\.gradle\buildOutputCleanup)" [_thread_blocked, id=5908, stack(0x000000fb95800000,0x000000fb95900000)]
  0x00000246327f6000 JavaThread "Cache worker for dependencies-accessors (C:\Users\Admin\Desktop\project\A0922I1-Repo-BE\A0922I1-Project-MobilePhone\.gradle\8.2.1\dependencies-accessors)" [_thread_blocked, id=9696, stack(0x000000fb95700000,0x000000fb95800000)]
  0x00000246327ee800 JavaThread "jar transforms Thread 4" [_thread_blocked, id=5068, stack(0x000000fb95600000,0x000000fb95700000)]
  0x00000246327f0800 JavaThread "jar transforms Thread 3" [_thread_blocked, id=3984, stack(0x000000fb95500000,0x000000fb95600000)]
  0x00000246327f3000 JavaThread "jar transforms Thread 2" [_thread_blocked, id=10416, stack(0x000000fb95400000,0x000000fb95500000)]
  0x00000246327f2000 JavaThread "jar transforms" [_thread_blocked, id=10596, stack(0x000000fb95300000,0x000000fb95400000)]
  0x00000246327ef000 JavaThread "Cache worker for execution history cache (C:\Users\Admin\.gradle\caches\8.2.1\executionHistory)" [_thread_blocked, id=8216, stack(0x000000fb95200000,0x000000fb95300000)]
  0x0000024632562800 JavaThread "Cache worker for cache directory md-supplier (C:\Users\Admin\.gradle\caches\8.2.1\md-supplier)" [_thread_blocked, id=3344, stack(0x000000fb95100000,0x000000fb95200000)]
  0x0000024632560800 JavaThread "Cache worker for file hash cache (C:\Users\Admin\Desktop\project\A0922I1-Repo-BE\A0922I1-Project-MobilePhone\.gradle\8.2.1\fileHashes)" [_thread_blocked, id=10316, stack(0x000000fb95000000,0x000000fb95100000)]
  0x000002463255f800 JavaThread "Cache worker for file content cache (C:\Users\Admin\.gradle\caches\8.2.1\fileContent)" [_thread_blocked, id=10340, stack(0x000000fb94f00000,0x000000fb95000000)]
  0x0000024632561000 JavaThread "Cache worker for cache directory md-rule (C:\Users\Admin\.gradle\caches\8.2.1\md-rule)" [_thread_blocked, id=10336, stack(0x000000fb94e00000,0x000000fb94f00000)]
  0x0000024632566800 JavaThread "Cache worker for checksums cache (C:\Users\Admin\Desktop\project\A0922I1-Repo-BE\A0922I1-Project-MobilePhone\.gradle\8.2.1\checksums)" [_thread_blocked, id=10320, stack(0x000000fb94d00000,0x000000fb94e00000)]
  0x0000024632565800 JavaThread "File watcher consumer" daemon [_thread_blocked, id=10328, stack(0x000000fb94c00000,0x000000fb94d00000)]
  0x0000024632565000 JavaThread "File watcher server" daemon [_thread_in_native, id=10260, stack(0x000000fb94b00000,0x000000fb94c00000)]
  0x0000024632562000 JavaThread "Cache worker for file hash cache (C:\Users\Admin\.gradle\caches\8.2.1\fileHashes)" [_thread_blocked, id=952, stack(0x000000fb94a00000,0x000000fb94b00000)]
  0x0000024632564000 JavaThread "File lock request listener" [_thread_in_native, id=10268, stack(0x000000fb94900000,0x000000fb94a00000)]
  0x0000024632563800 JavaThread "Cache worker for journal cache (C:\Users\Admin\.gradle\caches\journal-1)" [_thread_blocked, id=4584, stack(0x000000fb94800000,0x000000fb94900000)]
  0x0000024632108000 JavaThread "Daemon client event forwarder" [_thread_blocked, id=8724, stack(0x000000fb94700000,0x000000fb94800000)]
  0x0000024632106800 JavaThread "Stdin handler" [_thread_blocked, id=8708, stack(0x000000fb94600000,0x000000fb94700000)]
  0x00000246320e4800 JavaThread "Asynchronous log dispatcher for DefaultDaemonConnection: socket connection from /127.0.0.1:49971 to /127.0.0.1:49972" [_thread_blocked, id=8700, stack(0x000000fb94500000,0x000000fb94600000)]
  0x00000246320dc800 JavaThread "Daemon worker" [_thread_blocked, id=11268, stack(0x000000fb94400000,0x000000fb94500000)]
  0x00000246320ca800 JavaThread "Cancel handler" [_thread_blocked, id=11272, stack(0x000000fb94300000,0x000000fb94400000)]
  0x00000246320b5000 JavaThread "Handler for socket connection from /127.0.0.1:49971 to /127.0.0.1:49972" [_thread_in_native, id=11316, stack(0x000000fb94200000,0x000000fb94300000)]
  0x0000024631f57000 JavaThread "Daemon" [_thread_blocked, id=11324, stack(0x000000fb94100000,0x000000fb94200000)]
  0x0000024631f5e000 JavaThread "Daemon periodic checks" [_thread_blocked, id=11280, stack(0x000000fb94000000,0x000000fb94100000)]
  0x0000024631930000 JavaThread "Incoming local TCP Connector on port 49971" [_thread_in_native, id=11164, stack(0x000000fb93f00000,0x000000fb94000000)]
  0x0000024631f4e000 JavaThread "Daemon health stats" [_thread_blocked, id=9572, stack(0x000000fb93e00000,0x000000fb93f00000)]
  0x00000246300c2800 JavaThread "Service Thread" daemon [_thread_blocked, id=6536, stack(0x000000fb93c00000,0x000000fb93d00000)]
  0x000002462f567000 JavaThread "C1 CompilerThread2" daemon [_thread_in_native, id=10728, stack(0x000000fb93b00000,0x000000fb93c00000)]
=>0x000002462f562800 JavaThread "C2 CompilerThread1" daemon [_thread_in_native, id=11388, stack(0x000000fb93a00000,0x000000fb93b00000)]
  0x000002462f561800 JavaThread "C2 CompilerThread0" daemon [_thread_in_native, id=11400, stack(0x000000fb93900000,0x000000fb93a00000)]
  0x000002462f4a0800 JavaThread "Attach Listener" daemon [_thread_blocked, id=10484, stack(0x000000fb93800000,0x000000fb93900000)]
  0x000002462f4a0000 JavaThread "Signal Dispatcher" daemon [_thread_blocked, id=10488, stack(0x000000fb93700000,0x000000fb93800000)]
  0x000002462f47b800 JavaThread "Finalizer" daemon [_thread_blocked, id=9004, stack(0x000000fb93600000,0x000000fb93700000)]
  0x000002462ed4e800 JavaThread "Reference Handler" daemon [_thread_blocked, id=8492, stack(0x000000fb93500000,0x000000fb93600000)]
  0x000002461c565800 JavaThread "main" [_thread_blocked, id=8232, stack(0x000000fb92f00000,0x000000fb93000000)]

Other Threads:
  0x000002462f451000 VMThread [stack: 0x000000fb93400000,0x000000fb93500000] [id=11396]
  0x00000246300ed800 WatcherThread [stack: 0x000000fb93d00000,0x000000fb93e00000] [id=10724]

VM state:not at safepoint (normal execution)

VM Mutex/Monitor currently owned by a thread: None

heap address: 0x00000000e0000000, size: 512 MB, Compressed Oops mode: 32-bit
Narrow klass base: 0x0000000000000000, Narrow klass shift: 3
Compressed class space size: 1073741824 Address: 0x0000000100000000

Heap:
 PSYoungGen      total 159232K, used 44743K [0x00000000f5580000, 0x0000000100000000, 0x0000000100000000)
  eden space 143872K, 20% used [0x00000000f5580000,0x00000000f7239628,0x00000000fe200000)
  from space 15360K, 99% used [0x00000000fe200000,0x00000000ff0f8708,0x00000000ff100000)
  to   space 15360K, 0% used [0x00000000ff100000,0x00000000ff100000,0x0000000100000000)
 ParOldGen       total 175104K, used 20931K [0x00000000e0000000, 0x00000000eab00000, 0x00000000f5580000)
  object space 175104K, 11% used [0x00000000e0000000,0x00000000e1470fd0,0x00000000eab00000)
 Metaspace       used 52729K, capacity 57402K, committed 57600K, reserved 1097728K
  class space    used 7655K, capacity 8390K, committed 8448K, reserved 1048576K

Card table byte_map: [0x000002462d190000,0x000002462d2a0000] byte_map_base: 0x000002462ca90000

Marking Bits: (ParMarkBitMap*) 0x00000000526cd980
 Begin Bits: [0x000002462d350000, 0x000002462db50000)
 End Bits:   [0x000002462db50000, 0x000002462e350000)

Polling page: 0x000002461c4c0000

CodeCache: size=245760Kb used=19300Kb max_used=19300Kb free=226459Kb
 bounds [0x000002461ddd0000, 0x000002461f0c0000, 0x000002462cdd0000]
 total_blobs=6652 nmethods=5892 adapters=672
 compilation: enabled

Compilation events (10 events):
Event: 13.977 Thread 0x000002462f567000 6433       3       org.gradle.api.internal.artifacts.configurations.DefaultConfiguration::validateMutationType (8 bytes)
Event: 13.977 Thread 0x000002462f567000 nmethod 6433 0x000002461f0a5490 code [0x000002461f0a5620, 0x000002461f0a5b98]
Event: 13.977 Thread 0x000002462f567000 6434       3       org.gradle.api.internal.artifacts.configurations.DefaultConfiguration$$Lambda$486/160778623::get$Lambda (10 bytes)
Event: 13.978 Thread 0x000002462f567000 nmethod 6434 0x000002461f0a5e50 code [0x000002461f0a5fc0, 0x000002461f0a6238]
Event: 13.978 Thread 0x000002462f567000 6435       1       org.gradle.api.internal.artifacts.configurations.DefaultConfiguration::isDeprecatedForResolution (5 bytes)
Event: 13.978 Thread 0x000002462f567000 nmethod 6435 0x000002461f0a6350 code [0x000002461f0a64a0, 0x000002461f0a65b8]
Event: 13.979 Thread 0x000002462f567000 6436       3       java.lang.invoke.LambdaForm$MH/1757179155::linkToTargetMethod (17 bytes)
Event: 13.979 Thread 0x000002462f567000 nmethod 6436 0x000002461f0a6610 code [0x000002461f0a6780, 0x000002461f0a6ca0]
Event: 13.979 Thread 0x000002462f567000 6437       1       org.gradle.internal.component.model.LocalComponentDependencyMetadata::isTransitive (5 bytes)
Event: 13.979 Thread 0x000002462f567000 nmethod 6437 0x000002461f0a6dd0 code [0x000002461f0a6f20, 0x000002461f0a7038]

GC Heap History (10 events):
Event: 7.014 GC heap before
{Heap before GC invocations=7 (full 1):
 PSYoungGen      total 141824K, used 38361K [0x00000000f5580000, 0x0000000100000000, 0x0000000100000000)
  eden space 131072K, 21% used [0x00000000f5580000,0x00000000f707df28,0x00000000fd580000)
  from space 10752K, 99% used [0x00000000fd580000,0x00000000fdff8868,0x00000000fe000000)
  to   space 13824K, 0% used [0x00000000ff280000,0x00000000ff280000,0x0000000100000000)
 ParOldGen       total 175104K, used 10843K [0x00000000e0000000, 0x00000000eab00000, 0x00000000f5580000)
  object space 175104K, 6% used [0x00000000e0000000,0x00000000e0a96e28,0x00000000eab00000)
 Metaspace       used 33648K, capacity 35292K, committed 35456K, reserved 1079296K
  class space    used 4831K, capacity 5179K, committed 5248K, reserved 1048576K
Event: 7.024 GC heap after
Heap after GC invocations=7 (full 1):
 PSYoungGen      total 160768K, used 7108K [0x00000000f5580000, 0x0000000100000000, 0x0000000100000000)
  eden space 146944K, 0% used [0x00000000f5580000,0x00000000f5580000,0x00000000fe500000)
  from space 13824K, 51% used [0x00000000ff280000,0x00000000ff971268,0x0000000100000000)
  to   space 13824K, 0% used [0x00000000fe500000,0x00000000fe500000,0x00000000ff280000)
 ParOldGen       total 175104K, used 10851K [0x00000000e0000000, 0x00000000eab00000, 0x00000000f5580000)
  object space 175104K, 6% used [0x00000000e0000000,0x00000000e0a98e28,0x00000000eab00000)
 Metaspace       used 33648K, capacity 35292K, committed 35456K, reserved 1079296K
  class space    used 4831K, capacity 5179K, committed 5248K, reserved 1048576K
}
Event: 7.024 GC heap before
{Heap before GC invocations=8 (full 2):
 PSYoungGen      total 160768K, used 7108K [0x00000000f5580000, 0x0000000100000000, 0x0000000100000000)
  eden space 146944K, 0% used [0x00000000f5580000,0x00000000f5580000,0x00000000fe500000)
  from space 13824K, 51% used [0x00000000ff280000,0x00000000ff971268,0x0000000100000000)
  to   space 13824K, 0% used [0x00000000fe500000,0x00000000fe500000,0x00000000ff280000)
 ParOldGen       total 175104K, used 10851K [0x00000000e0000000, 0x00000000eab00000, 0x00000000f5580000)
  object space 175104K, 6% used [0x00000000e0000000,0x00000000e0a98e28,0x00000000eab00000)
 Metaspace       used 33648K, capacity 35292K, committed 35456K, reserved 1079296K
  class space    used 4831K, capacity 5179K, committed 5248K, reserved 1048576K
Event: 7.083 GC heap after
Heap after GC invocations=8 (full 2):
 PSYoungGen      total 160768K, used 0K [0x00000000f5580000, 0x0000000100000000, 0x0000000100000000)
  eden space 146944K, 0% used [0x00000000f5580000,0x00000000f5580000,0x00000000fe500000)
  from space 13824K, 0% used [0x00000000ff280000,0x00000000ff280000,0x0000000100000000)
  to   space 13824K, 0% used [0x00000000fe500000,0x00000000fe500000,0x00000000ff280000)
 ParOldGen       total 175104K, used 14438K [0x00000000e0000000, 0x00000000eab00000, 0x00000000f5580000)
  object space 175104K, 8% used [0x00000000e0000000,0x00000000e0e19a80,0x00000000eab00000)
 Metaspace       used 33648K, capacity 35292K, committed 35456K, reserved 1079296K
  class space    used 4831K, capacity 5179K, committed 5248K, reserved 1048576K
}
Event: 8.818 GC heap before
{Heap before GC invocations=9 (full 2):
 PSYoungGen      total 160768K, used 146944K [0x00000000f5580000, 0x0000000100000000, 0x0000000100000000)
  eden space 146944K, 100% used [0x00000000f5580000,0x00000000fe500000,0x00000000fe500000)
  from space 13824K, 0% used [0x00000000ff280000,0x00000000ff280000,0x0000000100000000)
  to   space 13824K, 0% used [0x00000000fe500000,0x00000000fe500000,0x00000000ff280000)
 ParOldGen       total 175104K, used 14438K [0x00000000e0000000, 0x00000000eab00000, 0x00000000f5580000)
  object space 175104K, 8% used [0x00000000e0000000,0x00000000e0e19a80,0x00000000eab00000)
 Metaspace       used 41122K, capacity 43438K, committed 43520K, reserved 1087488K
  class space    used 5902K, capacity 6349K, committed 6400K, reserved 1048576K
Event: 8.837 GC heap after
Heap after GC invocations=9 (full 2):
 PSYoungGen      total 157184K, used 9921K [0x00000000f5580000, 0x00000000fff00000, 0x0000000100000000)
  eden space 146944K, 0% used [0x00000000f5580000,0x00000000f5580000,0x00000000fe500000)
  from space 10240K, 96% used [0x00000000fe500000,0x00000000feeb05f8,0x00000000fef00000)
  to   space 13312K, 0% used [0x00000000ff200000,0x00000000ff200000,0x00000000fff00000)
 ParOldGen       total 175104K, used 14438K [0x00000000e0000000, 0x00000000eab00000, 0x00000000f5580000)
  object space 175104K, 8% used [0x00000000e0000000,0x00000000e0e19a80,0x00000000eab00000)
 Metaspace       used 41122K, capacity 43438K, committed 43520K, reserved 1087488K
  class space    used 5902K, capacity 6349K, committed 6400K, reserved 1048576K
}
Event: 10.737 GC heap before
{Heap before GC invocations=10 (full 2):
 PSYoungGen      total 157184K, used 156865K [0x00000000f5580000, 0x00000000fff00000, 0x0000000100000000)
  eden space 146944K, 100% used [0x00000000f5580000,0x00000000fe500000,0x00000000fe500000)
  from space 10240K, 96% used [0x00000000fe500000,0x00000000feeb05f8,0x00000000fef00000)
  to   space 13312K, 0% used [0x00000000ff200000,0x00000000ff200000,0x00000000fff00000)
 ParOldGen       total 175104K, used 14438K [0x00000000e0000000, 0x00000000eab00000, 0x00000000f5580000)
  object space 175104K, 8% used [0x00000000e0000000,0x00000000e0e19a80,0x00000000eab00000)
 Metaspace       used 47700K, capacity 51258K, committed 51456K, reserved 1093632K
  class space    used 6994K, capacity 7611K, committed 7680K, reserved 1048576K
Event: 10.760 GC heap after
Heap after GC invocations=10 (full 2):
 PSYoungGen      total 157184K, used 13303K [0x00000000f5580000, 0x0000000100000000, 0x0000000100000000)
  eden space 143872K, 0% used [0x00000000f5580000,0x00000000f5580000,0x00000000fe200000)
  from space 13312K, 99% used [0x00000000ff200000,0x00000000ffefdd00,0x00000000fff00000)
  to   space 15360K, 0% used [0x00000000fe200000,0x00000000fe200000,0x00000000ff100000)
 ParOldGen       total 175104K, used 15544K [0x00000000e0000000, 0x00000000eab00000, 0x00000000f5580000)
  object space 175104K, 8% used [0x00000000e0000000,0x00000000e0f2e1e0,0x00000000eab00000)
 Metaspace       used 47700K, capacity 51258K, committed 51456K, reserved 1093632K
  class space    used 6994K, capacity 7611K, committed 7680K, reserved 1048576K
}
Event: 13.395 GC heap before
{Heap before GC invocations=11 (full 2):
 PSYoungGen      total 157184K, used 157175K [0x00000000f5580000, 0x0000000100000000, 0x0000000100000000)
  eden space 143872K, 100% used [0x00000000f5580000,0x00000000fe200000,0x00000000fe200000)
  from space 13312K, 99% used [0x00000000ff200000,0x00000000ffefdd00,0x00000000fff00000)
  to   space 15360K, 0% used [0x00000000fe200000,0x00000000fe200000,0x00000000ff100000)
 ParOldGen       total 175104K, used 15544K [0x00000000e0000000, 0x00000000eab00000, 0x00000000f5580000)
  object space 175104K, 8% used [0x00000000e0000000,0x00000000e0f2e1e0,0x00000000eab00000)
 Metaspace       used 52484K, capacity 57102K, committed 57344K, reserved 1097728K
  class space    used 7651K, capacity 8384K, committed 8448K, reserved 1048576K
Event: 13.427 GC heap after
Heap after GC invocations=11 (full 2):
 PSYoungGen      total 159232K, used 15329K [0x00000000f5580000, 0x0000000100000000, 0x0000000100000000)
  eden space 143872K, 0% used [0x00000000f5580000,0x00000000f5580000,0x00000000fe200000)
  from space 15360K, 99% used [0x00000000fe200000,0x00000000ff0f8708,0x00000000ff100000)
  to   space 15360K, 0% used [0x00000000ff100000,0x00000000ff100000,0x0000000100000000)
 ParOldGen       total 175104K, used 20931K [0x00000000e0000000, 0x00000000eab00000, 0x00000000f5580000)
  object space 175104K, 11% used [0x00000000e0000000,0x00000000e1470fd0,0x00000000eab00000)
 Metaspace       used 52484K, capacity 57102K, committed 57344K, reserved 1097728K
  class space    used 7651K, capacity 8384K, committed 8448K, reserved 1048576K
}

Deoptimization events (10 events):
Event: 12.457 Thread 0x00000246327f4800 Uncommon trap: reason=unstable_if action=reinterpret pc=0x000002461eda4dd4 method=io.spring.gradle.dependencymanagement.org.codehaus.plexus.util.xml.pull.MXParser.nextImpl()I @ 965
Event: 12.994 Thread 0x00000246327f4800 Uncommon trap: reason=unstable_if action=reinterpret pc=0x000002461ee937c4 method=com.esotericsoftware.kryo.io.Input.readString()Ljava/lang/String; @ 28
Event: 12.999 Thread 0x00000246327f4800 Uncommon trap: reason=unstable_if action=reinterpret pc=0x000002461ee6c310 method=com.esotericsoftware.kryo.io.Input.readVarInt(Z)I @ 81
Event: 13.000 Thread 0x00000246327f4800 Uncommon trap: reason=unstable_if action=reinterpret pc=0x000002461ea0d1b8 method=com.esotericsoftware.kryo.io.Input.require(I)I @ 65
Event: 13.238 Thread 0x00000246327f4800 Uncommon trap: reason=class_check action=maybe_recompile pc=0x000002461ef5c34c method=io.spring.gradle.dependencymanagement.org.apache.maven.model.interpolation.StringSearchModelInterpolator$InterpolateObjectAction.interpolateMapField(Ljava/lang/Object;Lj
Event: 13.238 Thread 0x00000246327f4800 Uncommon trap: reason=class_check action=maybe_recompile pc=0x000002461ef5c34c method=io.spring.gradle.dependencymanagement.org.apache.maven.model.interpolation.StringSearchModelInterpolator$InterpolateObjectAction.interpolateMapField(Ljava/lang/Object;Lj
Event: 13.238 Thread 0x00000246327f4800 Uncommon trap: reason=class_check action=maybe_recompile pc=0x000002461ef5c34c method=io.spring.gradle.dependencymanagement.org.apache.maven.model.interpolation.StringSearchModelInterpolator$InterpolateObjectAction.interpolateMapField(Ljava/lang/Object;Lj
Event: 13.367 Thread 0x00000246327f4800 Uncommon trap: reason=class_check action=maybe_recompile pc=0x000002461ef5c34c method=io.spring.gradle.dependencymanagement.org.apache.maven.model.interpolation.StringSearchModelInterpolator$InterpolateObjectAction.interpolateMapField(Ljava/lang/Object;Lj
Event: 13.367 Thread 0x00000246327f4800 Uncommon trap: reason=class_check action=maybe_recompile pc=0x000002461ed98a2c method=io.spring.gradle.dependencymanagement.org.apache.maven.model.interpolation.StringSearchModelInterpolator$InterpolateObjectAction.interpolateMapField(Ljava/lang/Object;Lj
Event: 13.894 Thread 0x00000246327f4800 Uncommon trap: reason=unstable_if action=reinterpret pc=0x000002461ed3dbc4 method=io.spring.gradle.dependencymanagement.org.codehaus.plexus.util.xml.pull.MXParser.isS(C)Z @ 21

Classes redefined (0 events):
No events

Internal exceptions (10 events):
Event: 11.414 Thread 0x0000024632108000 Implicit null exception at 0x000002461eb5db0c to 0x000002461eb5db7d
Event: 11.419 Thread 0x0000024632108000 Exception <a 'java/lang/NoSuchMethodError': <clinit>> (0x00000000f559fb28) thrown at [C:\jenkins\workspace\8-2-build-windows-x64-cygwin\jdk8u371\3355\hotspot\src\share\vm\prims\jni.cpp, line 1615]
Event: 11.420 Thread 0x0000024632108000 Exception <a 'java/lang/NoSuchMethodError': <clinit>> (0x00000000f55a2740) thrown at [C:\jenkins\workspace\8-2-build-windows-x64-cygwin\jdk8u371\3355\hotspot\src\share\vm\prims\jni.cpp, line 1615]
Event: 11.422 Thread 0x0000024632108000 Exception <a 'java/lang/NoSuchMethodError': <clinit>> (0x00000000f55afce8) thrown at [C:\jenkins\workspace\8-2-build-windows-x64-cygwin\jdk8u371\3355\hotspot\src\share\vm\prims\jni.cpp, line 1615]
Event: 11.422 Thread 0x00000246327f4800 Exception <a 'java/lang/IncompatibleClassChangeError': Found class java.lang.Object, but interface was expected> (0x00000000f87ac050) thrown at [C:\jenkins\workspace\8-2-build-windows-x64-cygwin\jdk8u371\3355\hotspot\src\share\vm\interpreter\linkResolver.
Event: 11.426 Thread 0x0000024632108000 Exception <a 'java/lang/NoSuchMethodError': <clinit>> (0x00000000f55d1680) thrown at [C:\jenkins\workspace\8-2-build-windows-x64-cygwin\jdk8u371\3355\hotspot\src\share\vm\prims\jni.cpp, line 1615]
Event: 11.428 Thread 0x0000024632108000 Exception <a 'java/lang/NoSuchMethodError': <clinit>> (0x00000000f55da788) thrown at [C:\jenkins\workspace\8-2-build-windows-x64-cygwin\jdk8u371\3355\hotspot\src\share\vm\prims\jni.cpp, line 1615]
Event: 11.553 Thread 0x00000246327f4800 Exception <a 'java/lang/NoSuchMethodError': java.lang.Object.empty()Ljava/util/stream/Stream;> (0x00000000f8b87ae0) thrown at [C:\jenkins\workspace\8-2-build-windows-x64-cygwin\jdk8u371\3355\hotspot\src\share\vm\interpreter\linkResolver.cpp, line 620]
Event: 11.614 Thread 0x00000246327f4800 Exception <a 'java/lang/IncompatibleClassChangeError': Found class java.lang.Object, but interface was expected> (0x00000000f8eb1c98) thrown at [C:\jenkins\workspace\8-2-build-windows-x64-cygwin\jdk8u371\3355\hotspot\src\share\vm\interpreter\linkResolver.
Event: 12.424 Thread 0x00000246327f4800 Implicit null exception at 0x000002461edbe813 to 0x000002461edbfc41

Events (10 events):
Event: 13.459 Thread 0x000002462f567000 flushing nmethod 0x000002461e64ec90
Event: 13.459 Thread 0x000002462f567000 flushing nmethod 0x000002461e82cf50
Event: 13.460 Thread 0x000002462f567000 flushing nmethod 0x000002461e865b10
Event: 13.460 Thread 0x000002462f567000 flushing nmethod 0x000002461e8ec6d0
Event: 13.460 Thread 0x000002462f567000 flushing nmethod 0x000002461e920b50
Event: 13.892 loading class sun/nio/cs/ISO_8859_1$Decoder
Event: 13.893 loading class sun/nio/cs/ISO_8859_1$Decoder done
Event: 13.894 Thread 0x00000246327f4800 Uncommon trap: trap_request=0xffffff65 fr.pc=0x000002461ed3dbc4
Event: 13.894 Thread 0x00000246327f4800 DEOPT PACKING pc=0x000002461ed3dbc4 sp=0x000000fb960faac0
Event: 13.894 Thread 0x00000246327f4800 DEOPT UNPACKING pc=0x000002461de158c3 sp=0x000000fb960faa18 mode 2


Dynamic libraries:
0x00007ff738420000 - 0x00007ff73846a000 	C:\Program Files\Java\jdk-1.8\bin\java.exe
0x00007ffafc210000 - 0x00007ffafc405000 	C:\Windows\SYSTEM32\ntdll.dll
0x00007ffafbf30000 - 0x00007ffafbfed000 	C:\Windows\System32\KERNEL32.DLL
0x00007ffaf9950000 - 0x00007ffaf9c17000 	C:\Windows\System32\KERNELBASE.dll
0x00007ffafba30000 - 0x00007ffafbada000 	C:\Windows\System32\ADVAPI32.dll
0x00007ffafa390000 - 0x00007ffafa42e000 	C:\Windows\System32\msvcrt.dll
0x00007ffafa430000 - 0x00007ffafa4cb000 	C:\Windows\System32\sechost.dll
0x00007ffafbe00000 - 0x00007ffafbf24000 	C:\Windows\System32\RPCRT4.dll
0x00007ffafa530000 - 0x00007ffafa6d0000 	C:\Windows\System32\USER32.dll
0x00007ffaf9fc0000 - 0x00007ffaf9fe2000 	C:\Windows\System32\win32u.dll
0x00007ffafaec0000 - 0x00007ffafaeea000 	C:\Windows\System32\GDI32.dll
0x00007ffaf9eb0000 - 0x00007ffaf9fb9000 	C:\Windows\System32\gdi32full.dll
0x00007ffafa1d0000 - 0x00007ffafa26d000 	C:\Windows\System32\msvcp_win.dll
0x00007ffaf9d20000 - 0x00007ffaf9e20000 	C:\Windows\System32\ucrtbase.dll
0x00007ffaeb250000 - 0x00007ffaeb4eb000 	C:\Windows\WinSxS\amd64_microsoft.windows.common-controls_6595b64144ccf1df_6.0.19041.488_none_ca04af081b815d21\COMCTL32.dll
0x00007ffafc1a0000 - 0x00007ffafc1d0000 	C:\Windows\System32\IMM32.DLL
0x00007ffae9d90000 - 0x00007ffae9dab000 	C:\Program Files\Java\jdk-1.8\jre\bin\vcruntime140.dll
0x00007ffaea590000 - 0x00007ffaea59c000 	C:\Program Files\Java\jdk-1.8\jre\bin\vcruntime140_1.dll
0x00007ffae9d00000 - 0x00007ffae9d8e000 	C:\Program Files\Java\jdk-1.8\jre\bin\msvcp140.dll
0x0000000051ea0000 - 0x0000000052747000 	C:\Program Files\Java\jdk-1.8\jre\bin\server\jvm.dll
0x00007ffafae30000 - 0x00007ffafae38000 	C:\Windows\System32\PSAPI.DLL
0x00007ffaed080000 - 0x00007ffaed0a7000 	C:\Windows\SYSTEM32\WINMM.dll
0x00007ffadeb10000 - 0x00007ffadeb19000 	C:\Windows\SYSTEM32\WSOCK32.dll
0x00007ffaf3010000 - 0x00007ffaf301a000 	C:\Windows\SYSTEM32\VERSION.dll
0x00007ffafb7f0000 - 0x00007ffafb85b000 	C:\Windows\System32\WS2_32.dll
0x00007ffaf78b0000 - 0x00007ffaf78c3000 	C:\Windows\SYSTEM32\kernel.appcore.dll
0x00007ffae9cf0000 - 0x00007ffae9d00000 	C:\Program Files\Java\jdk-1.8\jre\bin\verify.dll
0x00007ffae9cc0000 - 0x00007ffae9ceb000 	C:\Program Files\Java\jdk-1.8\jre\bin\java.dll
0x00007ffae9c80000 - 0x00007ffae9cb4000 	C:\Program Files\Java\jdk-1.8\jre\bin\instrument.dll
0x00007ffae9c60000 - 0x00007ffae9c78000 	C:\Program Files\Java\jdk-1.8\jre\bin\zip.dll
0x00007ffafa6d0000 - 0x00007ffafae11000 	C:\Windows\System32\SHELL32.dll
0x00007ffaf7ab0000 - 0x00007ffaf8243000 	C:\Windows\SYSTEM32\windows.storage.dll
0x00007ffafb490000 - 0x00007ffafb7e5000 	C:\Windows\System32\combase.dll
0x00007ffaf92f0000 - 0x00007ffaf931c000 	C:\Windows\SYSTEM32\Wldp.dll
0x00007ffafaef0000 - 0x00007ffafaf9e000 	C:\Windows\System32\SHCORE.dll
0x00007ffafa4d0000 - 0x00007ffafa525000 	C:\Windows\System32\shlwapi.dll
0x00007ffaf9880000 - 0x00007ffaf98a6000 	C:\Windows\SYSTEM32\profapi.dll
0x00007ffae9c40000 - 0x00007ffae9c5c000 	C:\Program Files\Java\jdk-1.8\jre\bin\net.dll
0x00007ffaf9070000 - 0x00007ffaf90da000 	C:\Windows\system32\mswsock.dll
0x00007ffae9c20000 - 0x00007ffae9c33000 	C:\Program Files\Java\jdk-1.8\jre\bin\nio.dll
0x00007ffaf49d0000 - 0x00007ffaf49f7000 	C:\Users\Admin\.gradle\native\68d5fa5c4cc2d200863cafc0d521ce42e7d3e7ee720ec0a83991735586a16f82\windows-amd64\native-platform.dll
0x00007ffad1650000 - 0x00007ffad1794000 	C:\Users\Admin\.gradle\native\e376f236ea51e6404a007f0833ffe2c6e607c4080706a723a18a27aeea778392\windows-amd64\native-platform-file-events.dll
0x00007ffae9c10000 - 0x00007ffae9c1d000 	C:\Program Files\Java\jdk-1.8\jre\bin\management.dll
0x00007ffaf9250000 - 0x00007ffaf9268000 	C:\Windows\SYSTEM32\CRYPTSP.dll
0x00007ffaf8a00000 - 0x00007ffaf8a34000 	C:\Windows\system32\rsaenh.dll
0x00007ffaf9e20000 - 0x00007ffaf9e47000 	C:\Windows\System32\bcrypt.dll
0x00007ffaf9840000 - 0x00007ffaf986e000 	C:\Windows\SYSTEM32\USERENV.dll
0x00007ffafa150000 - 0x00007ffafa1cf000 	C:\Windows\System32\bcryptprimitives.dll
0x00007ffaf9240000 - 0x00007ffaf924c000 	C:\Windows\SYSTEM32\CRYPTBASE.dll
0x00007ffaf8d60000 - 0x00007ffaf8d9b000 	C:\Windows\SYSTEM32\IPHLPAPI.DLL
0x00007ffafae20000 - 0x00007ffafae29000 	C:\Windows\System32\NSI.dll
0x00007ffaefae0000 - 0x00007ffaefaf7000 	C:\Windows\SYSTEM32\dhcpcsvc6.DLL
0x00007ffaf24f0000 - 0x00007ffaf250d000 	C:\Windows\SYSTEM32\dhcpcsvc.DLL
0x00007ffaf8da0000 - 0x00007ffaf8e6b000 	C:\Windows\SYSTEM32\DNSAPI.dll
0x00007ffae6f80000 - 0x00007ffae7164000 	C:\Windows\SYSTEM32\dbghelp.dll

VM Arguments:
jvm_args: -XX:MaxMetaspaceSize=384m -XX:+HeapDumpOnOutOfMemoryError -Xms256m -Xmx512m -Dfile.encoding=windows-1252 -Duser.country=US -Duser.language=en -Duser.variant -javaagent:C:\Users\Admin\.gradle\wrapper\dists\gradle-8.2.1-bin\5hap6b9n41hkg4jeh2au2pllh\gradle-8.2.1\lib\agents\gradle-instrumentation-agent-8.2.1.jar 
java_command: org.gradle.launcher.daemon.bootstrap.GradleDaemon 8.2.1
java_class_path (initial): C:\Users\Admin\.gradle\wrapper\dists\gradle-8.2.1-bin\5hap6b9n41hkg4jeh2au2pllh\gradle-8.2.1\lib\gradle-launcher-8.2.1.jar;C:\Users\Admin\.gradle\wrapper\dists\gradle-8.2.1-bin\5hap6b9n41hkg4jeh2au2pllh\gradle-8.2.1\lib\agents\gradle-instrumentation-agent-8.2.1.jar
Launcher Type: SUN_STANDARD

Environment Variables:
JAVA_HOME=C:\Program Files\Java\jdk-1.8
PATH=C:\Program Files\Java\jdk-1.8\bin;C:\Program Files\Git\cmd;C:\Program Files\nodejs\;C:\Program Files\Java\jdk-1.8\bin;C:\Users\Admin\AppData\Local\Programs\Microsoft VS Code\bin;C:\Users\Admin\AppData\Roaming\npm
USERNAME=Admin
OS=Windows_NT
PROCESSOR_IDENTIFIER=Intel64 Family 6 Model 58 Stepping 9, GenuineIntel



---------------  S Y S T E M  ---------------

OS: Windows 10 , 64 bit Build 19041 (10.0.19041.292)

CPU:total 4 (initial active 4) (2 cores per cpu, 2 threads per core) family 6 model 58 stepping 9, cmov, cx8, fxsr, mmx, sse, sse2, sse3, ssse3, sse4.1, sse4.2, popcnt, avx, aes, clmul, erms, ht, tsc, tscinvbit, tscinv

Memory: 4k page, physical 4077256k(467372k free), swap 8154512k(1542144k free)

vm_info: Java HotSpot(TM) 64-Bit Server VM (25.371-b11) for windows-amd64 JRE (1.8.0_371-b11), built on Mar 17 2023 04:03:45 by "java_re" with MS VC++ 17.1 (VS2022)

time: Thu Oct 12 13:32:14 2023
timezone: SE Asia Standard Time
elapsed time: 14.011783 seconds (0d 0h 0m 14s)

