#
# A fatal error has been detected by the Java Runtime Environment:
#
#  EXCEPTION_ACCESS_VIOLATION (0xc0000005) at pc=0x000000005233a8e5, pid=12804, tid=0x0000000000002d24
#
# JRE version: Java(TM) SE Runtime Environment (8.0_371) (build 1.8.0_371-b11)
# Java VM: Java HotSpot(TM) 64-Bit Server VM (25.371-b11 mixed mode windows-amd64 compressed oops)
# Problematic frame:
# V  [jvm.dll+0x49a8e5]
#
# Failed to write core dump. Minidumps are not enabled by default on client versions of Windows
#
# If you would like to submit a bug report, please visit:
#   http://bugreport.java.com/bugreport/crash.jsp
#

---------------  T H R E A D  ---------------

Current thread (0x000001bde1bf2800):  JavaThread "C2 CompilerThread1" daemon [_thread_in_native, id=11556, stack(0x0000003395d00000,0x0000003395e00000)]

siginfo: ExceptionCode=0xc0000005, reading address 0x00000800526ce0c0

Registers:
RAX=0x000001bde8be9f80, RBX=0x0000003395dfad80, RCX=0x000001bde8be9fc0, RDX=0x000001bde6c03d00
RSP=0x0000003395dfac20, RBP=0x0000003395dfd5f0, RSI=0x0000000000000138, RDI=0x0000000000000027
R8 =0x0000003395dfb210, R9 =0x0000000000000000, R10=0x0000000051ea0000, R11=0x0000003395dfb210
R12=0x00000000526ce0c0, R13=0x0000000000000001, R14=0x00000800526ce0c0, R15=0x000001bde6c03d00
RIP=0x000000005233a8e5, EFLAGS=0x0000000000010206

Top of Stack: (sp=0x0000003395dfac20)
0x0000003395dfac20:   000001bde8bd8aa0 0000000000000044
0x0000003395dfac30:   000001bde8d94d30 000001bd00000044
0x0000003395dfac40:   000001bde60ce860 000001bde5fcb658
0x0000003395dfac50:   0000000000000019 0000000052335f7b
0x0000003395dfac60:   0000003395dfad60 0000000000000000
0x0000003395dfac70:   000000000000001e 000000000000001d
0x0000003395dfac80:   000001bde5fcbb48 0000001c0000001e
0x0000003395dfac90:   0000000000000001 000000010000001d
0x0000003395dfaca0:   ffffffff00000000 00000000000001a8
0x0000003395dfacb0:   0000000005155455 0000000000000000
0x0000003395dfacc0:   0000000000000000 0000000000000000
0x0000003395dfacd0:   0000000000000000 0000000500000000
0x0000003395dface0:   0303030300000008 000001bde8bbdee0
0x0000003395dfacf0:   0000000000000044 000001bde8d94d30
0x0000003395dfad00:   0000003300000044 0000003395dfad80
0x0000003395dfad10:   000001bde841e050 ffffffff3f3fffff 

Instructions: (pc=0x000000005233a8e5)
0x000000005233a8c5:   e8 d6 09 00 00 48 8b 8d 00 08 00 00 48 8b 01 0f
0x000000005233a8d5:   57 c0 48 89 85 00 08 00 00 0f 11 01 0f 11 41 10
0x000000005233a8e5:   41 0f 10 06 0f 11 01 41 0f 10 4e 10 0f 11 49 10
0x000000005233a8f5:   48 8b 43 08 48 89 0c 06 ff c7 3b bb 90 00 00 00 


Register to memory mapping:

RAX=0x000001bde8be9f80 is an unknown value
RBX=0x0000003395dfad80 is pointing into the stack for thread: 0x000001bde1bf2800
RCX=0x000001bde8be9fc0 is an unknown value
RDX=0x000001bde6c03d00 is an unknown value
RSP=0x0000003395dfac20 is pointing into the stack for thread: 0x000001bde1bf2800
RBP=0x0000003395dfd5f0 is pointing into the stack for thread: 0x000001bde1bf2800
RSI=0x0000000000000138 is an unknown value
RDI=0x0000000000000027 is an unknown value
R8 =0x0000003395dfb210 is pointing into the stack for thread: 0x000001bde1bf2800
R9 =0x0000000000000000 is an unknown value
R10=0x0000000051ea0000 is an unknown value
R11=0x0000003395dfb210 is pointing into the stack for thread: 0x000001bde1bf2800
R12=0x00000000526ce0c0 is an unknown value
R13=0x0000000000000001 is an unknown value
R14=0x00000800526ce0c0 is an unknown value
R15=0x000001bde6c03d00 is an unknown value


Stack: [0x0000003395d00000,0x0000003395e00000],  sp=0x0000003395dfac20,  free space=1003k
Native frames: (J=compiled Java code, j=interpreted, Vv=VM code, C=native code)
V  [jvm.dll+0x49a8e5]
V  [jvm.dll+0x495f7b]
V  [jvm.dll+0x45b24d]
V  [jvm.dll+0x46433f]
V  [jvm.dll+0x463739]
V  [jvm.dll+0x44d45b]
V  [jvm.dll+0xb02c6]
V  [jvm.dll+0xae99f]
V  [jvm.dll+0x24e572]
V  [jvm.dll+0x2a76ac]
C  [ucrtbase.dll+0x214c2]
C  [KERNEL32.DLL+0x16fd4]
C  [ntdll.dll+0x4cec1]


Current CompileTask:
C2:   5527 1614       4       java.net.URLClassLoader$1::run (5 bytes)


---------------  P R O C E S S  ---------------

Java Threads: ( => current thread )
  0x000001bde3550000 JavaThread "File lock request listener" [_thread_in_native, id=9016, stack(0x0000003396c00000,0x0000003396d00000)]
  0x000001bde3551000 JavaThread "Cache worker for journal cache (C:\Users\Admin\.gradle\caches\journal-1)" [_thread_blocked, id=1660, stack(0x0000003396b00000,0x0000003396c00000)]
  0x000001bde3553000 JavaThread "Daemon client event forwarder" [_thread_blocked, id=1396, stack(0x0000003396a00000,0x0000003396b00000)]
  0x000001bde424e000 JavaThread "Stdin handler" [_thread_blocked, id=3000, stack(0x0000003396900000,0x0000003396a00000)]
  0x000001bde4249800 JavaThread "Asynchronous log dispatcher for DefaultDaemonConnection: socket connection from /127.0.0.1:50156 to /127.0.0.1:50157" [_thread_blocked, id=8304, stack(0x0000003396800000,0x0000003396900000)]
  0x000001bde4242800 JavaThread "Daemon worker" [_thread_in_native, id=7548, stack(0x0000003396700000,0x0000003396800000)]
  0x000001bde420d000 JavaThread "Cancel handler" [_thread_blocked, id=13136, stack(0x0000003396600000,0x0000003396700000)]
  0x000001bde41f4800 JavaThread "Handler for socket connection from /127.0.0.1:50156 to /127.0.0.1:50157" [_thread_in_native, id=1008, stack(0x0000003396500000,0x0000003396600000)]
  0x000001bde41e8800 JavaThread "Daemon" [_thread_blocked, id=10136, stack(0x0000003396400000,0x0000003396500000)]
  0x000001bde411b800 JavaThread "Daemon periodic checks" [_thread_blocked, id=1200, stack(0x0000003396300000,0x0000003396400000)]
  0x000001bde41e3800 JavaThread "Incoming local TCP Connector on port 50156" [_thread_in_native, id=2488, stack(0x0000003396200000,0x0000003396300000)]
  0x000001bde3dba800 JavaThread "Daemon health stats" [_thread_blocked, id=7276, stack(0x0000003396100000,0x0000003396200000)]
  0x000001bde1c09800 JavaThread "Service Thread" daemon [_thread_blocked, id=10332, stack(0x0000003395f00000,0x0000003396000000)]
  0x000001bde1bf5800 JavaThread "C1 CompilerThread2" daemon [_thread_blocked, id=8872, stack(0x0000003395e00000,0x0000003395f00000)]
=>0x000001bde1bf2800 JavaThread "C2 CompilerThread1" daemon [_thread_in_native, id=11556, stack(0x0000003395d00000,0x0000003395e00000)]
  0x000001bde1bf2000 JavaThread "C2 CompilerThread0" daemon [_thread_in_native, id=7572, stack(0x0000003395c00000,0x0000003395d00000)]
  0x000001bde1b2d800 JavaThread "Attach Listener" daemon [_thread_blocked, id=11140, stack(0x0000003395b00000,0x0000003395c00000)]
  0x000001bde1b2c800 JavaThread "Signal Dispatcher" daemon [_thread_blocked, id=10424, stack(0x0000003395a00000,0x0000003395b00000)]
  0x000001bde1b0a000 JavaThread "Finalizer" daemon [_thread_blocked, id=10200, stack(0x0000003395900000,0x0000003395a00000)]
  0x000001bde13dd800 JavaThread "Reference Handler" daemon [_thread_blocked, id=10144, stack(0x0000003395800000,0x0000003395900000)]
  0x000001bdcea66000 JavaThread "main" [_thread_blocked, id=1592, stack(0x0000003395200000,0x0000003395300000)]

Other Threads:
  0x000001bde1ae3800 VMThread [stack: 0x0000003395700000,0x0000003395800000] [id=10572]
  0x000001bde2763800 WatcherThread [stack: 0x0000003396000000,0x0000003396100000] [id=11092]

VM state:not at safepoint (normal execution)

VM Mutex/Monitor currently owned by a thread: None

heap address: 0x00000000e0000000, size: 512 MB, Compressed Oops mode: 32-bit
Narrow klass base: 0x0000000000000000, Narrow klass shift: 3
Compressed class space size: 1073741824 Address: 0x0000000100000000

Heap:
 PSYoungGen      total 76288K, used 49750K [0x00000000f5580000, 0x00000000fea80000, 0x0000000100000000)
  eden space 65536K, 63% used [0x00000000f5580000,0x00000000f7dd8a98,0x00000000f9580000)
  from space 10752K, 78% used [0x00000000fa000000,0x00000000fa83cdb8,0x00000000faa80000)
  to   space 10752K, 0% used [0x00000000f9580000,0x00000000f9580000,0x00000000fa000000)
 ParOldGen       total 175104K, used 16K [0x00000000e0000000, 0x00000000eab00000, 0x00000000f5580000)
  object space 175104K, 0% used [0x00000000e0000000,0x00000000e0004000,0x00000000eab00000)
 Metaspace       used 16702K, capacity 17432K, committed 17664K, reserved 1064960K
  class space    used 2321K, capacity 2514K, committed 2560K, reserved 1048576K

Card table byte_map: [0x000001bddf8d0000,0x000001bddf9e0000] byte_map_base: 0x000001bddf1d0000

Marking Bits: (ParMarkBitMap*) 0x00000000526cd980
 Begin Bits: [0x000001bddf9e0000, 0x000001bde01e0000)
 End Bits:   [0x000001bde01e0000, 0x000001bde09e0000)

Polling page: 0x000001bdcec50000

CodeCache: size=245760Kb used=5938Kb max_used=5938Kb free=239821Kb
 bounds [0x000001bdd0510000, 0x000001bdd0ae0000, 0x000001bddf510000]
 total_blobs=2137 nmethods=1699 adapters=350
 compilation: enabled

Compilation events (10 events):
Event: 5.181 Thread 0x000001bde1bf5800 1700       3       org.gradle.util.internal.DefaultGradleVersion::compareTo (9 bytes)
Event: 5.182 Thread 0x000001bde1bf5800 nmethod 1700 0x000001bdd0adbd10 code [0x000001bdd0adbe80, 0x000001bdd0adc170]
Event: 5.182 Thread 0x000001bde1bf5800 1701       3       java.util.TreeMap::setColor (10 bytes)
Event: 5.182 Thread 0x000001bde1bf5800 nmethod 1701 0x000001bdd0adc210 code [0x000001bdd0adc360, 0x000001bdd0adc4d8]
Event: 5.191 Thread 0x000001bde1bf5800 1703       3       java.lang.invoke.DirectMethodHandle::preparedLambdaForm (230 bytes)
Event: 5.192 Thread 0x000001bde1bf5800 nmethod 1703 0x000001bdd0adc590 code [0x000001bdd0adc800, 0x000001bdd0add820]
Event: 5.192 Thread 0x000001bde1bf5800 1704       3       java.lang.invoke.LambdaForm$BMH/824909230::reinvoke (25 bytes)
Event: 5.193 Thread 0x000001bde1bf5800 nmethod 1704 0x000001bdd0adde10 code [0x000001bdd0addfa0, 0x000001bdd0ade5a0]
Event: 5.193 Thread 0x000001bde1bf5800 1705       3       java.lang.invoke.MethodHandleImpl::castReference (20 bytes)
Event: 5.193 Thread 0x000001bde1bf5800 nmethod 1705 0x000001bdd0ade6d0 code [0x000001bdd0ade840, 0x000001bdd0adeaf0]

GC Heap History (4 events):
Event: 2.280 GC heap before
{Heap before GC invocations=1 (full 0):
 PSYoungGen      total 76288K, used 65536K [0x00000000f5580000, 0x00000000faa80000, 0x0000000100000000)
  eden space 65536K, 100% used [0x00000000f5580000,0x00000000f9580000,0x00000000f9580000)
  from space 10752K, 0% used [0x00000000fa000000,0x00000000fa000000,0x00000000faa80000)
  to   space 10752K, 0% used [0x00000000f9580000,0x00000000f9580000,0x00000000fa000000)
 ParOldGen       total 175104K, used 0K [0x00000000e0000000, 0x00000000eab00000, 0x00000000f5580000)
  object space 175104K, 0% used [0x00000000e0000000,0x00000000e0000000,0x00000000eab00000)
 Metaspace       used 7562K, capacity 7804K, committed 8064K, reserved 1056768K
  class space    used 950K, capacity 1052K, committed 1152K, reserved 1048576K
Event: 2.302 GC heap after
Heap after GC invocations=1 (full 0):
 PSYoungGen      total 76288K, used 6069K [0x00000000f5580000, 0x00000000faa80000, 0x0000000100000000)
  eden space 65536K, 0% used [0x00000000f5580000,0x00000000f5580000,0x00000000f9580000)
  from space 10752K, 56% used [0x00000000f9580000,0x00000000f9b6d4f8,0x00000000fa000000)
  to   space 10752K, 0% used [0x00000000fa000000,0x00000000fa000000,0x00000000faa80000)
 ParOldGen       total 175104K, used 8K [0x00000000e0000000, 0x00000000eab00000, 0x00000000f5580000)
  object space 175104K, 0% used [0x00000000e0000000,0x00000000e0002000,0x00000000eab00000)
 Metaspace       used 7562K, capacity 7804K, committed 8064K, reserved 1056768K
  class space    used 950K, capacity 1052K, committed 1152K, reserved 1048576K
}
Event: 4.156 GC heap before
{Heap before GC invocations=2 (full 0):
 PSYoungGen      total 76288K, used 71605K [0x00000000f5580000, 0x00000000faa80000, 0x0000000100000000)
  eden space 65536K, 100% used [0x00000000f5580000,0x00000000f9580000,0x00000000f9580000)
  from space 10752K, 56% used [0x00000000f9580000,0x00000000f9b6d4f8,0x00000000fa000000)
  to   space 10752K, 0% used [0x00000000fa000000,0x00000000fa000000,0x00000000faa80000)
 ParOldGen       total 175104K, used 8K [0x00000000e0000000, 0x00000000eab00000, 0x00000000f5580000)
  object space 175104K, 0% used [0x00000000e0000000,0x00000000e0002000,0x00000000eab00000)
 Metaspace       used 13423K, capacity 13852K, committed 14080K, reserved 1060864K
  class space    used 1827K, capacity 1962K, committed 2048K, reserved 1048576K
Event: 4.177 GC heap after
Heap after GC invocations=2 (full 0):
 PSYoungGen      total 76288K, used 8435K [0x00000000f5580000, 0x00000000fea80000, 0x0000000100000000)
  eden space 65536K, 0% used [0x00000000f5580000,0x00000000f5580000,0x00000000f9580000)
  from space 10752K, 78% used [0x00000000fa000000,0x00000000fa83cdb8,0x00000000faa80000)
  to   space 10752K, 0% used [0x00000000f9580000,0x00000000f9580000,0x00000000fa000000)
 ParOldGen       total 175104K, used 16K [0x00000000e0000000, 0x00000000eab00000, 0x00000000f5580000)
  object space 175104K, 0% used [0x00000000e0000000,0x00000000e0004000,0x00000000eab00000)
 Metaspace       used 13423K, capacity 13852K, committed 14080K, reserved 1060864K
  class space    used 1827K, capacity 1962K, committed 2048K, reserved 1048576K
}

Deoptimization events (10 events):
Event: 3.073 Thread 0x000001bdcea66000 Uncommon trap: reason=unstable_if action=reinterpret pc=0x000001bdd08b66ac method=java.util.Properties$LineReader.readLine()I @ 252
Event: 3.322 Thread 0x000001bdcea66000 Uncommon trap: reason=unstable_if action=reinterpret pc=0x000001bdd0755438 method=java.io.WinNTFileSystem.normalize(Ljava/lang/String;)Ljava/lang/String; @ 128
Event: 3.877 Thread 0x000001bde41f4800 Uncommon trap: reason=class_check action=maybe_recompile pc=0x000001bdd089f508 method=java.util.regex.Matcher.match(II)Z @ 86
Event: 3.941 Thread 0x000001bde4242800 Uncommon trap: reason=bimorphic action=maybe_recompile pc=0x000001bdd0987b14 method=java.util.HashMap.putVal(ILjava/lang/Object;Ljava/lang/Object;ZZ)Ljava/lang/Object; @ 253
Event: 3.941 Thread 0x000001bde4242800 Uncommon trap: reason=bimorphic action=maybe_recompile pc=0x000001bdd0987b14 method=java.util.HashMap.putVal(ILjava/lang/Object;Ljava/lang/Object;ZZ)Ljava/lang/Object; @ 253
Event: 4.107 Thread 0x000001bde4242800 Uncommon trap: reason=unstable_if action=reinterpret pc=0x000001bdd0a36f08 method=jdk.internal.org.objectweb.asm.ByteVector.putShort(I)Ljdk/internal/org/objectweb/asm/ByteVector; @ 13
Event: 4.427 Thread 0x000001bde4242800 Uncommon trap: reason=unstable_if action=reinterpret pc=0x000001bdd0a6be7c method=jdk.internal.org.objectweb.asm.Type.getArgumentsAndReturnSizes(Ljava/lang/String;)I @ 88
Event: 5.032 Thread 0x000001bde4242800 Uncommon trap: reason=class_check action=maybe_recompile pc=0x000001bdd089f508 method=java.util.regex.Matcher.match(II)Z @ 86
Event: 5.068 Thread 0x000001bde4242800 Uncommon trap: reason=class_check action=maybe_recompile pc=0x000001bdd089f508 method=java.util.regex.Matcher.match(II)Z @ 86
Event: 5.153 Thread 0x000001bde4242800 Uncommon trap: reason=class_check action=maybe_recompile pc=0x000001bdd06cdca8 method=java.util.regex.Matcher.match(II)Z @ 86

Classes redefined (0 events):
No events

Internal exceptions (10 events):
Event: 0.271 Thread 0x000001bdcea66000 Exception <a 'java/lang/NoSuchFieldError': method resolution failed> (0x00000000f594bf88) thrown at [C:\jenkins\workspace\8-2-build-windows-x64-cygwin\jdk8u371\3355\hotspot\src\share\vm\prims\methodHandles.cpp, line 1188]
Event: 0.275 Thread 0x000001bdcea66000 Exception <a 'java/lang/NoSuchFieldError': method resolution failed> (0x00000000f5959e60) thrown at [C:\jenkins\workspace\8-2-build-windows-x64-cygwin\jdk8u371\3355\hotspot\src\share\vm\prims\methodHandles.cpp, line 1188]
Event: 0.579 Thread 0x000001bdcea66000 Exception <a 'java/security/PrivilegedActionException'> (0x00000000f644f020) thrown at [C:\jenkins\workspace\8-2-build-windows-x64-cygwin\jdk8u371\3355\hotspot\src\share\vm\prims\jvm.cpp, line 1513]
Event: 0.579 Thread 0x000001bdcea66000 Exception <a 'java/security/PrivilegedActionException'> (0x00000000f644f230) thrown at [C:\jenkins\workspace\8-2-build-windows-x64-cygwin\jdk8u371\3355\hotspot\src\share\vm\prims\jvm.cpp, line 1513]
Event: 0.787 Thread 0x000001bdcea66000 Exception <a 'java/lang/NoClassDefFoundError': org/slf4j/impl/StaticMarkerBinder> (0x00000000f6728598) thrown at [C:\jenkins\workspace\8-2-build-windows-x64-cygwin\jdk8u371\3355\hotspot\src\share\vm\classfile\systemDictionary.cpp, line 201]
Event: 2.758 Thread 0x000001bdcea66000 Implicit null exception at 0x000001bdd068ac1b to 0x000001bdd068add5
Event: 3.047 Thread 0x000001bdcea66000 Exception <a 'java/lang/NoSuchMethodError': java.lang.Object.lambda$get$0(Ljava/util/function/Supplier;Ljava/lang/Object;)Ljava/lang/Object;> (0x00000000f84c6f68) thrown at [C:\jenkins\workspace\8-2-build-windows-x64-cygwin\jdk8u371\3355\hotspot\src\share
Event: 3.806 Thread 0x000001bdcea66000 Exception <a 'java/io/IOException'> (0x00000000f8949150) thrown at [C:\jenkins\workspace\8-2-build-windows-x64-cygwin\jdk8u371\3355\hotspot\src\share\vm\prims\jni.cpp, line 710]
Event: 4.250 Thread 0x000001bde4242800 Exception <a 'java/lang/NoSuchMethodError': java.lang.Object.lambda$static$0(Lorg/gradle/internal/state/ModelObject;)Ljava/lang/String;> (0x00000000f59a4880) thrown at [C:\jenkins\workspace\8-2-build-windows-x64-cygwin\jdk8u371\3355\hotspot\src\share\vm\i
Event: 4.395 Thread 0x000001bde4242800 Exception <a 'java/lang/NoSuchMethodError': java.lang.Object.lambda$static$0(Lorg/objectweb/asm/MethodVisitor;)V> (0x00000000f63c2ba0) thrown at [C:\jenkins\workspace\8-2-build-windows-x64-cygwin\jdk8u371\3355\hotspot\src\share\vm\interpreter\linkResolver

Events (10 events):
Event: 5.187 loading class org/gradle/cache/UnscopedCacheBuilderFactory
Event: 5.187 loading class org/gradle/cache/UnscopedCacheBuilderFactory done
Event: 5.188 loading class org/gradle/api/internal/artifacts/ivyservice/WritableArtifactCacheLockingAccessCoordinator
Event: 5.188 loading class org/gradle/api/internal/artifacts/ivyservice/WritableArtifactCacheLockingAccessCoordinator done
Event: 5.191 loading class org/gradle/api/internal/artifacts/ivyservice/WritableArtifactCacheLockingAccessCoordinator
Event: 5.191 loading class org/gradle/api/internal/artifacts/ivyservice/WritableArtifactCacheLockingAccessCoordinator done
Event: 5.191 loading class org/gradle/api/internal/artifacts/ivyservice/DefaultArtifactCaches
Event: 5.191 loading class org/gradle/api/internal/artifacts/ivyservice/DefaultArtifactCaches done
Event: 5.194 loading class org/apache/commons/lang/StringUtils
Event: 5.194 loading class org/apache/commons/lang/StringUtils done


Dynamic libraries:
0x00007ff738420000 - 0x00007ff73846a000 	C:\Program Files\Java\jdk-1.8\bin\java.exe
0x00007ffafc210000 - 0x00007ffafc405000 	C:\Windows\SYSTEM32\ntdll.dll
0x00007ffafbf30000 - 0x00007ffafbfed000 	C:\Windows\System32\KERNEL32.DLL
0x00007ffaf9950000 - 0x00007ffaf9c17000 	C:\Windows\System32\KERNELBASE.dll
0x00007ffafba30000 - 0x00007ffafbada000 	C:\Windows\System32\ADVAPI32.dll
0x00007ffafa390000 - 0x00007ffafa42e000 	C:\Windows\System32\msvcrt.dll
0x00007ffafa430000 - 0x00007ffafa4cb000 	C:\Windows\System32\sechost.dll
0x00007ffafbe00000 - 0x00007ffafbf24000 	C:\Windows\System32\RPCRT4.dll
0x00007ffafa530000 - 0x00007ffafa6d0000 	C:\Windows\System32\USER32.dll
0x00007ffaf9fc0000 - 0x00007ffaf9fe2000 	C:\Windows\System32\win32u.dll
0x00007ffafaec0000 - 0x00007ffafaeea000 	C:\Windows\System32\GDI32.dll
0x00007ffaf9eb0000 - 0x00007ffaf9fb9000 	C:\Windows\System32\gdi32full.dll
0x00007ffafa1d0000 - 0x00007ffafa26d000 	C:\Windows\System32\msvcp_win.dll
0x00007ffaf9d20000 - 0x00007ffaf9e20000 	C:\Windows\System32\ucrtbase.dll
0x00007ffaeb250000 - 0x00007ffaeb4eb000 	C:\Windows\WinSxS\amd64_microsoft.windows.common-controls_6595b64144ccf1df_6.0.19041.488_none_ca04af081b815d21\COMCTL32.dll
0x00007ffafc1a0000 - 0x00007ffafc1d0000 	C:\Windows\System32\IMM32.DLL
0x00007ffae9d90000 - 0x00007ffae9dab000 	C:\Program Files\Java\jdk-1.8\jre\bin\vcruntime140.dll
0x00007ffaea590000 - 0x00007ffaea59c000 	C:\Program Files\Java\jdk-1.8\jre\bin\vcruntime140_1.dll
0x00007ffae9d00000 - 0x00007ffae9d8e000 	C:\Program Files\Java\jdk-1.8\jre\bin\msvcp140.dll
0x0000000051ea0000 - 0x0000000052747000 	C:\Program Files\Java\jdk-1.8\jre\bin\server\jvm.dll
0x00007ffafae30000 - 0x00007ffafae38000 	C:\Windows\System32\PSAPI.DLL
0x00007ffaed080000 - 0x00007ffaed0a7000 	C:\Windows\SYSTEM32\WINMM.dll
0x00007ffaf3010000 - 0x00007ffaf301a000 	C:\Windows\SYSTEM32\VERSION.dll
0x00007ffadeb10000 - 0x00007ffadeb19000 	C:\Windows\SYSTEM32\WSOCK32.dll
0x00007ffafb7f0000 - 0x00007ffafb85b000 	C:\Windows\System32\WS2_32.dll
0x00007ffaf78b0000 - 0x00007ffaf78c3000 	C:\Windows\SYSTEM32\kernel.appcore.dll
0x00007ffae9cf0000 - 0x00007ffae9d00000 	C:\Program Files\Java\jdk-1.8\jre\bin\verify.dll
0x00007ffae9cc0000 - 0x00007ffae9ceb000 	C:\Program Files\Java\jdk-1.8\jre\bin\java.dll
0x00007ffae9c80000 - 0x00007ffae9cb4000 	C:\Program Files\Java\jdk-1.8\jre\bin\instrument.dll
0x00007ffae9c60000 - 0x00007ffae9c78000 	C:\Program Files\Java\jdk-1.8\jre\bin\zip.dll
0x00007ffafa6d0000 - 0x00007ffafae11000 	C:\Windows\System32\SHELL32.dll
0x00007ffaf7ab0000 - 0x00007ffaf8243000 	C:\Windows\SYSTEM32\windows.storage.dll
0x00007ffafb490000 - 0x00007ffafb7e5000 	C:\Windows\System32\combase.dll
0x00007ffaf92f0000 - 0x00007ffaf931c000 	C:\Windows\SYSTEM32\Wldp.dll
0x00007ffafaef0000 - 0x00007ffafaf9e000 	C:\Windows\System32\SHCORE.dll
0x00007ffafa4d0000 - 0x00007ffafa525000 	C:\Windows\System32\shlwapi.dll
0x00007ffaf9880000 - 0x00007ffaf98a6000 	C:\Windows\SYSTEM32\profapi.dll
0x00007ffaf49e0000 - 0x00007ffaf49fc000 	C:\Program Files\Java\jdk-1.8\jre\bin\net.dll
0x00007ffaf9070000 - 0x00007ffaf90da000 	C:\Windows\system32\mswsock.dll
0x00007ffae9c40000 - 0x00007ffae9c53000 	C:\Program Files\Java\jdk-1.8\jre\bin\nio.dll
0x00007ffae9c10000 - 0x00007ffae9c37000 	C:\Users\Admin\.gradle\native\68d5fa5c4cc2d200863cafc0d521ce42e7d3e7ee720ec0a83991735586a16f82\windows-amd64\native-platform.dll
0x00007ffad1650000 - 0x00007ffad1794000 	C:\Users\Admin\.gradle\native\e376f236ea51e6404a007f0833ffe2c6e607c4080706a723a18a27aeea778392\windows-amd64\native-platform-file-events.dll
0x00007ffaf49d0000 - 0x00007ffaf49dd000 	C:\Program Files\Java\jdk-1.8\jre\bin\management.dll
0x00007ffaf9250000 - 0x00007ffaf9268000 	C:\Windows\SYSTEM32\CRYPTSP.dll
0x00007ffaf8a00000 - 0x00007ffaf8a34000 	C:\Windows\system32\rsaenh.dll
0x00007ffaf9e20000 - 0x00007ffaf9e47000 	C:\Windows\System32\bcrypt.dll
0x00007ffaf9840000 - 0x00007ffaf986e000 	C:\Windows\SYSTEM32\USERENV.dll
0x00007ffafa150000 - 0x00007ffafa1cf000 	C:\Windows\System32\bcryptprimitives.dll
0x00007ffaf9240000 - 0x00007ffaf924c000 	C:\Windows\SYSTEM32\CRYPTBASE.dll
0x00007ffaf8d60000 - 0x00007ffaf8d9b000 	C:\Windows\SYSTEM32\IPHLPAPI.DLL
0x00007ffafae20000 - 0x00007ffafae29000 	C:\Windows\System32\NSI.dll
0x00007ffaefae0000 - 0x00007ffaefaf7000 	C:\Windows\SYSTEM32\dhcpcsvc6.DLL
0x00007ffaf24f0000 - 0x00007ffaf250d000 	C:\Windows\SYSTEM32\dhcpcsvc.DLL
0x00007ffaf8da0000 - 0x00007ffaf8e6b000 	C:\Windows\SYSTEM32\DNSAPI.dll
0x00007ffae6f80000 - 0x00007ffae7164000 	C:\Windows\SYSTEM32\dbghelp.dll

VM Arguments:
jvm_args: -XX:MaxMetaspaceSize=384m -XX:+HeapDumpOnOutOfMemoryError -Xms256m -Xmx512m -Dfile.encoding=windows-1252 -Duser.country=US -Duser.language=en -Duser.variant -javaagent:C:\Users\Admin\.gradle\wrapper\dists\gradle-8.2.1-bin\5hap6b9n41hkg4jeh2au2pllh\gradle-8.2.1\lib\agents\gradle-instrumentation-agent-8.2.1.jar 
java_command: org.gradle.launcher.daemon.bootstrap.GradleDaemon 8.2.1
java_class_path (initial): C:\Users\Admin\.gradle\wrapper\dists\gradle-8.2.1-bin\5hap6b9n41hkg4jeh2au2pllh\gradle-8.2.1\lib\gradle-launcher-8.2.1.jar;C:\Users\Admin\.gradle\wrapper\dists\gradle-8.2.1-bin\5hap6b9n41hkg4jeh2au2pllh\gradle-8.2.1\lib\agents\gradle-instrumentation-agent-8.2.1.jar
Launcher Type: SUN_STANDARD

Environment Variables:
JAVA_HOME=C:\Program Files\Java\jdk-1.8
PATH=C:\Program Files\Java\jdk-1.8\bin;C:\Program Files\Git\cmd;C:\Program Files\nodejs\;C:\Program Files\Java\jdk-1.8\bin;C:\Users\Admin\AppData\Local\Programs\Microsoft VS Code\bin;C:\Users\Admin\AppData\Roaming\npm
USERNAME=Admin
OS=Windows_NT
PROCESSOR_IDENTIFIER=Intel64 Family 6 Model 58 Stepping 9, GenuineIntel



---------------  S Y S T E M  ---------------

OS: Windows 10 , 64 bit Build 19041 (10.0.19041.292)

CPU:total 4 (initial active 4) (2 cores per cpu, 2 threads per core) family 6 model 58 stepping 9, cmov, cx8, fxsr, mmx, sse, sse2, sse3, ssse3, sse4.1, sse4.2, popcnt, avx, aes, clmul, erms, ht, tsc, tscinvbit, tscinv

Memory: 4k page, physical 4077256k(122964k free), swap 8154512k(962360k free)

vm_info: Java HotSpot(TM) 64-Bit Server VM (25.371-b11) for windows-amd64 JRE (1.8.0_371-b11), built on Mar 17 2023 04:03:45 by "java_re" with MS VC++ 17.1 (VS2022)

time: Thu Oct 12 13:36:28 2023
timezone: SE Asia Standard Time
elapsed time: 5.546211 seconds (0d 0h 0m 5s)

